<?xml version="1.0" encoding="UTF-8"?>
<testsuite xmlns:xsi="http://www.w3.org/2001/XMLSchema-instance" xsi:noNamespaceSchemaLocation="https://maven.apache.org/surefire/maven-surefire-plugin/xsd/surefire-test-report-3.0.xsd" version="3.0" name="ru.luba.integration.controller.WalletControllerIntegrationTest" time="11.61" tests="3" errors="0" skipped="0" failures="0">
  <properties>
[...]
</properties>
  <testcase name="deposit_IncreasesBalance" classname="ru.luba.integration.controller.WalletControllerIntegrationTest" time="0.878">
    <system-out><![CDATA[15:26:30.552 [main] INFO org.testcontainers.images.PullPolicy -- Image pull policy will be performed by: DefaultPullPolicy()
15:26:30.559 [main] INFO org.testcontainers.utility.ImageNameSubstitutor -- Image name substitution will be performed by: DefaultImageNameSubstitutor (composite of 'ConfigurationFileImageNameSubstitutor' and 'PrefixingImageNameSubstitutor')
15:26:30.635 [main] INFO org.testcontainers.DockerClientFactory -- Testcontainers version: 1.20.1
15:26:30.897 [main] INFO org.testcontainers.dockerclient.DockerClientProviderStrategy -- Loaded org.testcontainers.dockerclient.NpipeSocketClientProviderStrategy from ~/.testcontainers.properties, will try it first
15:26:31.236 [main] INFO org.testcontainers.dockerclient.DockerClientProviderStrategy -- Found Docker environment with local Npipe socket (npipe:////./pipe/docker_engine)
15:26:31.237 [main] INFO org.testcontainers.DockerClientFactory -- Docker host IP address is localhost
15:26:31.263 [main] INFO org.testcontainers.DockerClientFactory -- Connected to docker: 
  Server Version: 28.1.1
  API Version: 1.49
  Operating System: Docker Desktop
  Total Memory: 7642 MB
15:26:31.380 [main] INFO tc.testcontainers/ryuk:0.8.1 -- Creating container for image: testcontainers/ryuk:0.8.1
15:26:31.673 [main] INFO tc.testcontainers/ryuk:0.8.1 -- Container testcontainers/ryuk:0.8.1 is starting: b4f909da61b478f17e4b374b6b87e3a43b333dc0a03d0f89e67c880ad27745b0
15:26:32.223 [main] INFO tc.testcontainers/ryuk:0.8.1 -- Container testcontainers/ryuk:0.8.1 started in PT0.8426709S
15:26:32.230 [main] INFO org.testcontainers.utility.RyukResourceReaper -- Ryuk started - will monitor and terminate Testcontainers containers on JVM exit
15:26:32.230 [main] INFO org.testcontainers.DockerClientFactory -- Checking the system...
15:26:32.231 [main] INFO org.testcontainers.DockerClientFactory -- ✔︎ Docker server version should be at least 1.6.0
15:26:32.232 [main] INFO tc.postgres:16 -- Creating container for image: postgres:16
15:26:32.324 [main] INFO tc.postgres:16 -- Container postgres:16 is starting: 96195c424688310773f5fccad4a994829f06f9f77c037bc2f055b1ccedfd8e2e
15:26:34.104 [main] INFO tc.postgres:16 -- Container postgres:16 started in PT1.8724088S
15:26:34.106 [main] INFO tc.postgres:16 -- Container is started (JDBC URL: jdbc:postgresql://localhost:54454/walletdb?loggerLevel=OFF)
15:26:34.212 [main] INFO org.springframework.test.context.support.AnnotationConfigContextLoaderUtils -- Could not detect default configuration classes for test class [ru.luba.integration.controller.WalletControllerIntegrationTest]: WalletControllerIntegrationTest does not declare any static, non-private, non-final, nested classes annotated with @Configuration.
15:26:34.354 [main] INFO org.springframework.boot.test.context.SpringBootTestContextBootstrapper -- Found @SpringBootConfiguration ru.luba.WalletApplication for test class ru.luba.integration.controller.WalletControllerIntegrationTest

  .   ____          _            __ _ _
 /\\ / ___'_ __ _ _(_)_ __  __ _ \ \ \ \
( ( )\___ | '_ | '_| | '_ \/ _` | \ \ \ \
 \\/  ___)| |_)| | | | | || (_| |  ) ) ) )
  '  |____| .__|_| |_|_| |_\__, | / / / /
 =========|_|==============|___/=/_/_/_/

 :: Spring Boot ::                (v3.3.2)

2025-05-26T15:26:35.039+03:00  INFO 22372 --- [           main] r.l.i.c.WalletControllerIntegrationTest  : Starting WalletControllerIntegrationTest using Java 21.0.1 with PID 22372 (started by Alexey in C:\Users\Alexey\IdeaProjects\WalletService)
2025-05-26T15:26:35.040+03:00  INFO 22372 --- [           main] r.l.i.c.WalletControllerIntegrationTest  : No active profile set, falling back to 1 default profile: "default"
2025-05-26T15:26:35.755+03:00  INFO 22372 --- [           main] .s.d.r.c.RepositoryConfigurationDelegate : Bootstrapping Spring Data JPA repositories in DEFAULT mode.
2025-05-26T15:26:35.834+03:00  INFO 22372 --- [           main] .s.d.r.c.RepositoryConfigurationDelegate : Finished Spring Data repository scanning in 68 ms. Found 1 JPA repository interface.
2025-05-26T15:26:36.381+03:00  INFO 22372 --- [           main] com.zaxxer.hikari.HikariDataSource       : HikariPool-1 - Starting...
2025-05-26T15:26:36.596+03:00  INFO 22372 --- [           main] com.zaxxer.hikari.pool.HikariPool        : HikariPool-1 - Added connection org.postgresql.jdbc.PgConnection@37d3aa8c
2025-05-26T15:26:36.597+03:00  INFO 22372 --- [           main] com.zaxxer.hikari.HikariDataSource       : HikariPool-1 - Start completed.
2025-05-26T15:26:36.752+03:00  INFO 22372 --- [           main] liquibase.database                       : Set default schema name to public
2025-05-26T15:26:37.116+03:00  INFO 22372 --- [           main] liquibase.changelog                      : Creating database history table with name: public.databasechangelog
2025-05-26T15:26:37.150+03:00  INFO 22372 --- [           main] liquibase.changelog                      : Reading from public.databasechangelog
2025-05-26T15:26:37.210+03:00  INFO 22372 --- [           main] liquibase.lockservice                    : Successfully acquired change log lock
2025-05-26T15:26:37.213+03:00  INFO 22372 --- [           main] liquibase.command                        : Using deploymentId: 8262397213
2025-05-26T15:26:37.215+03:00  INFO 22372 --- [           main] liquibase.changelog                      : Reading from public.databasechangelog
Running Changeset: db/db.changelog-master.yml::1::ru.luba
2025-05-26T15:26:37.249+03:00  INFO 22372 --- [           main] liquibase.changelog                      : SQL in file db/script/create_wallets_table.sql executed
2025-05-26T15:26:37.252+03:00  INFO 22372 --- [           main] liquibase.changelog                      : ChangeSet db/db.changelog-master.yml::1::ru.luba ran successfully in 23ms
2025-05-26T15:26:37.266+03:00  INFO 22372 --- [           main] liquibase.util                           : UPDATE SUMMARY
2025-05-26T15:26:37.267+03:00  INFO 22372 --- [           main] liquibase.util                           : Run:                          1
2025-05-26T15:26:37.267+03:00  INFO 22372 --- [           main] liquibase.util                           : Previously run:               0
2025-05-26T15:26:37.267+03:00  INFO 22372 --- [           main] liquibase.util                           : Filtered out:                 0
2025-05-26T15:26:37.267+03:00  INFO 22372 --- [           main] liquibase.util                           : -------------------------------
2025-05-26T15:26:37.267+03:00  INFO 22372 --- [           main] liquibase.util                           : Total change sets:            1
2025-05-26T15:26:37.267+03:00  INFO 22372 --- [           main] liquibase.util                           : Update summary generated
2025-05-26T15:26:37.270+03:00  INFO 22372 --- [           main] liquibase.command                        : Update command completed successfully.
Liquibase: Update has been successful. Rows affected: 1
2025-05-26T15:26:37.274+03:00  INFO 22372 --- [           main] liquibase.lockservice                    : Successfully released change log lock
2025-05-26T15:26:37.275+03:00  INFO 22372 --- [           main] liquibase.command                        : Command execution complete
2025-05-26T15:26:37.387+03:00  INFO 22372 --- [           main] o.hibernate.jpa.internal.util.LogHelper  : HHH000204: Processing PersistenceUnitInfo [name: default]
2025-05-26T15:26:37.501+03:00  INFO 22372 --- [           main] org.hibernate.Version                    : HHH000412: Hibernate ORM core version 6.5.2.Final
2025-05-26T15:26:37.541+03:00  INFO 22372 --- [           main] o.h.c.internal.RegionFactoryInitiator    : HHH000026: Second-level cache disabled
2025-05-26T15:26:37.913+03:00  INFO 22372 --- [           main] o.s.o.j.p.SpringPersistenceUnitInfo      : No LoadTimeWeaver setup: ignoring JPA class transformer
2025-05-26T15:26:37.977+03:00  WARN 22372 --- [           main] org.hibernate.orm.deprecation            : HHH90000025: PostgreSQLDialect does not need to be specified explicitly using 'hibernate.dialect' (remove the property setting and it will be selected by default)
2025-05-26T15:26:38.866+03:00  INFO 22372 --- [           main] o.h.e.t.j.p.i.JtaPlatformInitiator       : HHH000489: No JTA platform available (set 'hibernate.transaction.jta.platform' to enable JTA platform integration)
2025-05-26T15:26:38.870+03:00  INFO 22372 --- [           main] j.LocalContainerEntityManagerFactoryBean : Initialized JPA EntityManagerFactory for persistence unit 'default'
2025-05-26T15:26:39.188+03:00  INFO 22372 --- [           main] o.s.d.j.r.query.QueryEnhancerFactory     : Hibernate is in classpath; If applicable, HQL parser will be used.
2025-05-26T15:26:39.874+03:00  WARN 22372 --- [           main] JpaBaseConfiguration$JpaWebConfiguration : spring.jpa.open-in-view is enabled by default. Therefore, database queries may be performed during view rendering. Explicitly configure spring.jpa.open-in-view to disable this warning
2025-05-26T15:26:40.412+03:00  INFO 22372 --- [           main] o.s.b.t.m.w.SpringBootMockServletContext : Initializing Spring TestDispatcherServlet ''
2025-05-26T15:26:40.412+03:00  INFO 22372 --- [           main] o.s.t.web.servlet.TestDispatcherServlet  : Initializing Servlet ''
2025-05-26T15:26:40.415+03:00  INFO 22372 --- [           main] o.s.t.web.servlet.TestDispatcherServlet  : Completed initialization in 2 ms
2025-05-26T15:26:40.439+03:00  INFO 22372 --- [           main] r.l.i.c.WalletControllerIntegrationTest  : Started WalletControllerIntegrationTest in 5.763 seconds (process running for 10.79)
2025-05-26T15:26:41.204+03:00  INFO 22372 --- [           main] ru.luba.controller.WalletController      : Пополнение кошелька 86f8a49b-66ea-499b-aafc-514754a42b13 на сумму 50.00
2025-05-26T15:26:41.205+03:00  INFO 22372 --- [           main] ru.luba.service.WalletServiceImpl        : Пополнение баланса кошелька с ID 86f8a49b-66ea-499b-aafc-514754a42b13 на сумму 50.00
2025-05-26T15:26:41.240+03:00  INFO 22372 --- [           main] ru.luba.service.WalletServiceImpl        : Баланс кошелька с ID 86f8a49b-66ea-499b-aafc-514754a42b13 успешно пополнен. Новый баланс: 150.00
]]></system-out>
    <system-err><![CDATA[WARNING: A Java agent has been loaded dynamically (C:\Users\Alexey\.m2\repository\net\bytebuddy\byte-buddy-agent\1.14.18\byte-buddy-agent-1.14.18.jar)
WARNING: If a serviceability tool is in use, please run with -XX:+EnableDynamicAgentLoading to hide this warning
WARNING: If a serviceability tool is not in use, please run with -Djdk.instrument.traceUsage for more information
WARNING: Dynamic loading of agents will be disallowed by default in a future release
]]></system-err>
  </testcase>
  <testcase name="getBalance_ReturnsCorrectBalance" classname="ru.luba.integration.controller.WalletControllerIntegrationTest" time="0.033">
    <system-out><![CDATA[2025-05-26T15:26:41.364+03:00  INFO 22372 --- [           main] ru.luba.controller.WalletController      : Получение баланса кошелька 2185c57b-5a52-4753-9fa2-ac11ec81a64c
2025-05-26T15:26:41.364+03:00  INFO 22372 --- [           main] ru.luba.service.WalletServiceImpl        : Получение баланса для кошелька с ID 2185c57b-5a52-4753-9fa2-ac11ec81a64c
2025-05-26T15:26:41.369+03:00  INFO 22372 --- [           main] ru.luba.service.WalletServiceImpl        : Баланс для кошелька с ID 2185c57b-5a52-4753-9fa2-ac11ec81a64c: 100.00
]]></system-out>
  </testcase>
  <testcase name="withdraw_DecreasesBalance" classname="ru.luba.integration.controller.WalletControllerIntegrationTest" time="0.027">
    <system-out><![CDATA[2025-05-26T15:26:41.394+03:00  INFO 22372 --- [           main] ru.luba.controller.WalletController      : Снятие с кошелька 2451a3de-b283-4f43-93c2-d8acc43b6531 суммы 40.00
2025-05-26T15:26:41.394+03:00  INFO 22372 --- [           main] ru.luba.service.WalletServiceImpl        : Снятие суммы 40.00 с кошелька с ID 2451a3de-b283-4f43-93c2-d8acc43b6531
2025-05-26T15:26:41.398+03:00  INFO 22372 --- [           main] ru.luba.service.WalletServiceImpl        : Снятие суммы 40.00 с кошелька с ID 2451a3de-b283-4f43-93c2-d8acc43b6531 успешно выполнено. Новый баланс: 60.00
]]></system-out>
  </testcase>
</testsuite>