<?xml version="1.0" encoding="UTF-8"?>
<testsuite xmlns:xsi="http://www.w3.org/2001/XMLSchema-instance" xsi:noNamespaceSchemaLocation="https://maven.apache.org/surefire/maven-surefire-plugin/xsd/surefire-test-report-3.0.xsd" version="3.0" name="ru.luba.integration.service.WalletServiceIntegrationTest" time="3.401" tests="5" errors="0" skipped="0" failures="0">
  <properties>
[...]
</properties>
  <testcase name="deposit_IncreasesBalance" classname="ru.luba.integration.service.WalletServiceIntegrationTest" time="0.033">
    <system-out><![CDATA[2025-05-26T15:26:42.031+03:00  INFO 22372 --- [           main] tc.postgres:16                           : Creating container for image: postgres:16
2025-05-26T15:26:42.187+03:00  INFO 22372 --- [           main] tc.postgres:16                           : Container postgres:16 is starting: 8719077ffb21bc94a375d18273086a7e266ac3fb5d7f054ef584cdfbe9cc34e6
2025-05-26T15:26:43.770+03:00  INFO 22372 --- [           main] tc.postgres:16                           : Container postgres:16 started in PT1.7390936S
2025-05-26T15:26:43.771+03:00  INFO 22372 --- [           main] tc.postgres:16                           : Container is started (JDBC URL: jdbc:postgresql://localhost:54480/walletdb?loggerLevel=OFF)
2025-05-26T15:26:43.773+03:00  INFO 22372 --- [           main] t.c.s.AnnotationConfigContextLoaderUtils : Could not detect default configuration classes for test class [ru.luba.integration.service.WalletServiceIntegrationTest]: WalletServiceIntegrationTest does not declare any static, non-private, non-final, nested classes annotated with @Configuration.
2025-05-26T15:26:43.783+03:00  INFO 22372 --- [           main] .b.t.c.SpringBootTestContextBootstrapper : Found @SpringBootConfiguration ru.luba.WalletApplication for test class ru.luba.integration.service.WalletServiceIntegrationTest

  .   ____          _            __ _ _
 /\\ / ___'_ __ _ _(_)_ __  __ _ \ \ \ \
( ( )\___ | '_ | '_| | '_ \/ _` | \ \ \ \
 \\/  ___)| |_)| | | | | || (_| |  ) ) ) )
  '  |____| .__|_| |_|_| |_\__, | / / / /
 =========|_|==============|___/=/_/_/_/

 :: Spring Boot ::                (v3.3.2)

2025-05-26T15:26:43.820+03:00  INFO 22372 --- [           main] r.l.i.s.WalletServiceIntegrationTest     : Starting WalletServiceIntegrationTest using Java 21.0.1 with PID 22372 (started by Alexey in C:\Users\Alexey\IdeaProjects\WalletService)
2025-05-26T15:26:43.821+03:00  INFO 22372 --- [           main] r.l.i.s.WalletServiceIntegrationTest     : No active profile set, falling back to 1 default profile: "default"
2025-05-26T15:26:44.031+03:00  INFO 22372 --- [           main] .s.d.r.c.RepositoryConfigurationDelegate : Bootstrapping Spring Data JPA repositories in DEFAULT mode.
2025-05-26T15:26:44.045+03:00  INFO 22372 --- [           main] .s.d.r.c.RepositoryConfigurationDelegate : Finished Spring Data repository scanning in 13 ms. Found 1 JPA repository interface.
2025-05-26T15:26:44.144+03:00  INFO 22372 --- [           main] com.zaxxer.hikari.HikariDataSource       : HikariPool-2 - Starting...
2025-05-26T15:26:44.166+03:00  INFO 22372 --- [           main] com.zaxxer.hikari.pool.HikariPool        : HikariPool-2 - Added connection org.postgresql.jdbc.PgConnection@12a16e42
2025-05-26T15:26:44.166+03:00  INFO 22372 --- [           main] com.zaxxer.hikari.HikariDataSource       : HikariPool-2 - Start completed.
2025-05-26T15:26:44.178+03:00  INFO 22372 --- [           main] liquibase.database                       : Set default schema name to public
2025-05-26T15:26:44.214+03:00  INFO 22372 --- [           main] liquibase.changelog                      : Creating database history table with name: public.databasechangelog
2025-05-26T15:26:44.223+03:00  INFO 22372 --- [           main] liquibase.changelog                      : Reading from public.databasechangelog
2025-05-26T15:26:44.264+03:00  INFO 22372 --- [           main] liquibase.lockservice                    : Successfully acquired change log lock
2025-05-26T15:26:44.266+03:00  INFO 22372 --- [           main] liquibase.command                        : Using deploymentId: 8262404266
2025-05-26T15:26:44.268+03:00  INFO 22372 --- [           main] liquibase.changelog                      : Reading from public.databasechangelog
Running Changeset: db/db.changelog-master.yml::1::ru.luba
2025-05-26T15:26:44.285+03:00  INFO 22372 --- [           main] liquibase.changelog                      : SQL in file db/script/create_wallets_table.sql executed
2025-05-26T15:26:44.287+03:00  INFO 22372 --- [           main] liquibase.changelog                      : ChangeSet db/db.changelog-master.yml::1::ru.luba ran successfully in 13ms
2025-05-26T15:26:44.294+03:00  INFO 22372 --- [           main] liquibase.util                           : UPDATE SUMMARY
2025-05-26T15:26:44.295+03:00  INFO 22372 --- [           main] liquibase.util                           : Run:                          1
2025-05-26T15:26:44.295+03:00  INFO 22372 --- [           main] liquibase.util                           : Previously run:               0
2025-05-26T15:26:44.295+03:00  INFO 22372 --- [           main] liquibase.util                           : Filtered out:                 0
2025-05-26T15:26:44.295+03:00  INFO 22372 --- [           main] liquibase.util                           : -------------------------------
2025-05-26T15:26:44.295+03:00  INFO 22372 --- [           main] liquibase.util                           : Total change sets:            1
2025-05-26T15:26:44.295+03:00  INFO 22372 --- [           main] liquibase.util                           : Update summary generated
2025-05-26T15:26:44.295+03:00  INFO 22372 --- [           main] liquibase.command                        : Update command completed successfully.
Liquibase: Update has been successful. Rows affected: 1
2025-05-26T15:26:44.299+03:00  INFO 22372 --- [           main] liquibase.lockservice                    : Successfully released change log lock
2025-05-26T15:26:44.301+03:00  INFO 22372 --- [           main] liquibase.command                        : Command execution complete
2025-05-26T15:26:44.327+03:00  INFO 22372 --- [           main] o.hibernate.jpa.internal.util.LogHelper  : HHH000204: Processing PersistenceUnitInfo [name: default]
2025-05-26T15:26:44.332+03:00  INFO 22372 --- [           main] o.h.c.internal.RegionFactoryInitiator    : HHH000026: Second-level cache disabled
2025-05-26T15:26:44.347+03:00  INFO 22372 --- [           main] o.s.o.j.p.SpringPersistenceUnitInfo      : No LoadTimeWeaver setup: ignoring JPA class transformer
2025-05-26T15:26:44.349+03:00  WARN 22372 --- [           main] org.hibernate.orm.deprecation            : HHH90000025: PostgreSQLDialect does not need to be specified explicitly using 'hibernate.dialect' (remove the property setting and it will be selected by default)
2025-05-26T15:26:44.400+03:00  INFO 22372 --- [           main] o.h.e.t.j.p.i.JtaPlatformInitiator       : HHH000489: No JTA platform available (set 'hibernate.transaction.jta.platform' to enable JTA platform integration)
2025-05-26T15:26:44.400+03:00  INFO 22372 --- [           main] j.LocalContainerEntityManagerFactoryBean : Initialized JPA EntityManagerFactory for persistence unit 'default'
2025-05-26T15:26:44.477+03:00  WARN 22372 --- [           main] JpaBaseConfiguration$JpaWebConfiguration : spring.jpa.open-in-view is enabled by default. Therefore, database queries may be performed during view rendering. Explicitly configure spring.jpa.open-in-view to disable this warning
2025-05-26T15:26:44.624+03:00  INFO 22372 --- [           main] r.l.i.s.WalletServiceIntegrationTest     : Started WalletServiceIntegrationTest in 0.837 seconds (process running for 14.974)
2025-05-26T15:26:44.641+03:00  INFO 22372 --- [           main] ru.luba.service.WalletServiceImpl        : Пополнение баланса кошелька с ID 2b2f7e27-1d37-473e-a0a5-a2eae06740d2 на сумму 50.00
2025-05-26T15:26:44.647+03:00  INFO 22372 --- [           main] ru.luba.service.WalletServiceImpl        : Баланс кошелька с ID 2b2f7e27-1d37-473e-a0a5-a2eae06740d2 успешно пополнен. Новый баланс: 150.00
]]></system-out>
  </testcase>
  <testcase name="getBalance_ReturnsCorrectBalance" classname="ru.luba.integration.service.WalletServiceIntegrationTest" time="0.017">
    <system-out><![CDATA[2025-05-26T15:26:44.670+03:00  INFO 22372 --- [           main] ru.luba.service.WalletServiceImpl        : Получение баланса для кошелька с ID dba711a7-ac78-4dd8-86a6-60dd425e130c
2025-05-26T15:26:44.673+03:00  INFO 22372 --- [           main] ru.luba.service.WalletServiceImpl        : Баланс для кошелька с ID dba711a7-ac78-4dd8-86a6-60dd425e130c: 100.00
]]></system-out>
  </testcase>
  <testcase name="withdraw_ThrowsIfInsufficientFunds" classname="ru.luba.integration.service.WalletServiceIntegrationTest" time="0.021">
    <system-out><![CDATA[2025-05-26T15:26:44.687+03:00  INFO 22372 --- [           main] ru.luba.service.WalletServiceImpl        : Снятие суммы 150.00 с кошелька с ID f71e8211-0914-424e-9ce0-786aa195cd7e
2025-05-26T15:26:44.691+03:00 ERROR 22372 --- [           main] ru.luba.service.WalletServiceImpl        : Недостаточно средств на кошельке с ID f71e8211-0914-424e-9ce0-786aa195cd7e: запрошено 150.00, доступно 100.00
]]></system-out>
  </testcase>
  <testcase name="withdraw_DecreasesBalance" classname="ru.luba.integration.service.WalletServiceIntegrationTest" time="0.021">
    <system-out><![CDATA[2025-05-26T15:26:44.710+03:00  INFO 22372 --- [           main] ru.luba.service.WalletServiceImpl        : Снятие суммы 40.00 с кошелька с ID 3654900a-d653-4e03-a8a4-23176fc00b06
2025-05-26T15:26:44.715+03:00  INFO 22372 --- [           main] ru.luba.service.WalletServiceImpl        : Снятие суммы 40.00 с кошелька с ID 3654900a-d653-4e03-a8a4-23176fc00b06 успешно выполнено. Новый баланс: 60.00
]]></system-out>
  </testcase>
  <testcase name="getBalance_ThrowsIfWalletNotFound" classname="ru.luba.integration.service.WalletServiceIntegrationTest" time="0.018">
    <system-out><![CDATA[2025-05-26T15:26:44.733+03:00  INFO 22372 --- [           main] ru.luba.service.WalletServiceImpl        : Получение баланса для кошелька с ID ef11a0bd-c0f0-4b79-8c49-8801145d47e7
2025-05-26T15:26:44.735+03:00 ERROR 22372 --- [           main] ru.luba.service.WalletServiceImpl        : Кошелек с ID ef11a0bd-c0f0-4b79-8c49-8801145d47e7 не найден
]]></system-out>
  </testcase>
</testsuite>